C51 COMPILER V9.60.0.0   SMALL_RTOS_MAIN                                                   06/03/2021 20:39:14 PAGE 1   


C51 COMPILER V9.60.0.0, COMPILATION OF MODULE SMALL_RTOS_MAIN
OBJECT MODULE PLACED IN .\Objects\small_rtos_main.obj
COMPILER INVOKED BY: D:\keil\C51\BIN\C51.EXE os\small_rtos_main.c LARGE OPTIMIZE(0,SPEED) BROWSE DEBUG OBJECTEXTEND PRIN
                    -T(.\Listings\small_rtos_main.lst) TABS(2) OBJECT(.\Objects\small_rtos_main.obj)

line level    source

   1          /*
   2           * @FileName: small_rtos_main.c
   3           * @Author: chen jixuan
   4           * @Date: 2021-05-08 20:14:50
   5           * @Version: v1.0
   6           * @Description: 用户程序运行主函数
   7           */
   8          #include "small_rtos_api.h"
   9          #include "stdio.h"
  10          void task1()
  11          {
  12   1        int a=0;
  13   1        while(1)
  14   1        {
  15   2          printf("a=%d\r\n",a);
  16   2        }
  17   1      }
  18          void task2()
  19          {
  20   1        int b=4;
  21   1        while(1)
  22   1        {
  23   2          printf("b=%d\r\n",b);
  24   2        }
  25   1      }
  26          void small_rtos_main()
  27          {
  28   1        TaskCreate(task1,0);
  29   1        TaskCreate(task2,0);
  30   1      }


MODULE INFORMATION:   STATIC OVERLAYABLE
   CODE SIZE        =     96    ----
   CONSTANT SIZE    =     14    ----
   XDATA SIZE       =      4    ----
   PDATA SIZE       =   ----    ----
   DATA SIZE        =   ----    ----
   IDATA SIZE       =   ----    ----
   BIT SIZE         =   ----    ----
END OF MODULE INFORMATION.


C51 COMPILATION COMPLETE.  0 WARNING(S),  0 ERROR(S)
